app/build/intermediates/manifest_merge_blame_file/debug/processDebugMainManifest/manifest-merger-blame-debug-report.txt
1<?xml version="1.0" encoding="utf-8"?>
2<manifest xmlns:android="http://schemas.android.com/apk/res/android"
3    package="com.satyasetu.app"
4    android:versionCode="1"
5    android:versionName="1.0.0" >
6
7    <uses-sdk
8        android:minSdkVersion="24"
9        android:targetSdkVersion="34" />
10
11    <!-- Permissions -->
12    <uses-permission android:name="android.permission.INTERNET" />
12-->src\main\AndroidManifest.xml:6:5-67
12-->src\main\AndroidManifest.xml:6:22-64
13    <uses-permission android:name="android.permission.ACCESS_NETWORK_STATE" />
13-->src\main\AndroidManifest.xml:7:5-79
13-->src\main\AndroidManifest.xml:7:22-76
14    <uses-permission
14-->src\main\AndroidManifest.xml:8:5-9:38
15        android:name="android.permission.READ_EXTERNAL_STORAGE"
15-->src\main\AndroidManifest.xml:8:22-77
16        android:maxSdkVersion="32" />
16-->src\main\AndroidManifest.xml:9:9-35
17    <uses-permission android:name="android.permission.READ_MEDIA_IMAGES" />
17-->src\main\AndroidManifest.xml:10:5-76
17-->src\main\AndroidManifest.xml:10:22-73
18    <uses-permission android:name="android.permission.READ_MEDIA_VIDEO" />
18-->src\main\AndroidManifest.xml:11:5-75
18-->src\main\AndroidManifest.xml:11:22-72
19    <uses-permission android:name="android.permission.CAMERA" />
19-->src\main\AndroidManifest.xml:12:5-65
19-->src\main\AndroidManifest.xml:12:22-62
20    <uses-permission android:name="android.permission.RECORD_AUDIO" />
20-->src\main\AndroidManifest.xml:13:5-71
20-->src\main\AndroidManifest.xml:13:22-68
21    <uses-permission android:name="android.permission.POST_NOTIFICATIONS" />
21-->src\main\AndroidManifest.xml:14:5-77
21-->src\main\AndroidManifest.xml:14:22-74
22    <uses-permission android:name="android.permission.ACCESS_FINE_LOCATION" />
22-->src\main\AndroidManifest.xml:15:5-79
22-->src\main\AndroidManifest.xml:15:22-76
23    <uses-permission android:name="android.permission.ACCESS_COARSE_LOCATION" />
23-->src\main\AndroidManifest.xml:16:5-81
23-->src\main\AndroidManifest.xml:16:22-78
24    <uses-permission android:name="android.permission.WAKE_LOCK" /> <!-- Required by older versions of Google Play services to create IID tokens -->
24-->[com.google.firebase:firebase-messaging:23.4.1] AndroidManifest.xml:24:5-68
24-->[com.google.firebase:firebase-messaging:23.4.1] AndroidManifest.xml:24:22-65
25    <uses-permission android:name="com.google.android.c2dm.permission.RECEIVE" />
25-->[com.google.firebase:firebase-messaging:23.4.1] AndroidManifest.xml:26:5-82
25-->[com.google.firebase:firebase-messaging:23.4.1] AndroidManifest.xml:26:22-79
26    <uses-permission android:name="com.google.android.gms.permission.AD_ID" />
26-->[com.google.android.gms:play-services-measurement-api:21.5.1] AndroidManifest.xml:25:5-79
26-->[com.google.android.gms:play-services-measurement-api:21.5.1] AndroidManifest.xml:25:22-76
27    <uses-permission android:name="android.permission.ACCESS_ADSERVICES_ATTRIBUTION" />
27-->[com.google.android.gms:play-services-measurement-api:21.5.1] AndroidManifest.xml:26:5-88
27-->[com.google.android.gms:play-services-measurement-api:21.5.1] AndroidManifest.xml:26:22-85
28    <uses-permission android:name="android.permission.ACCESS_ADSERVICES_AD_ID" />
28-->[com.google.android.gms:play-services-measurement-api:21.5.1] AndroidManifest.xml:27:5-82
28-->[com.google.android.gms:play-services-measurement-api:21.5.1] AndroidManifest.xml:27:22-79
29    <uses-permission android:name="com.google.android.providers.gsf.permission.READ_GSERVICES" />
29-->[com.google.android.recaptcha:recaptcha:18.4.0] AndroidManifest.xml:9:5-98
29-->[com.google.android.recaptcha:recaptcha:18.4.0] AndroidManifest.xml:9:22-95
30    <uses-permission android:name="com.google.android.finsky.permission.BIND_GET_INSTALL_REFERRER_SERVICE" />
30-->[com.google.android.gms:play-services-measurement:21.5.1] AndroidManifest.xml:26:5-110
30-->[com.google.android.gms:play-services-measurement:21.5.1] AndroidManifest.xml:26:22-107
31
32    <permission
32-->[androidx.core:core:1.12.0] AndroidManifest.xml:22:5-24:47
33        android:name="com.satyasetu.app.DYNAMIC_RECEIVER_NOT_EXPORTED_PERMISSION"
33-->[androidx.core:core:1.12.0] AndroidManifest.xml:23:9-81
34        android:protectionLevel="signature" />
34-->[androidx.core:core:1.12.0] AndroidManifest.xml:24:9-44
35
36    <uses-permission android:name="com.satyasetu.app.DYNAMIC_RECEIVER_NOT_EXPORTED_PERMISSION" />
36-->[androidx.core:core:1.12.0] AndroidManifest.xml:26:5-97
36-->[androidx.core:core:1.12.0] AndroidManifest.xml:26:22-94
37
38    <supports-screens
38-->[org.osmdroid:osmdroid-android:6.1.18] AndroidManifest.xml:9:5-12:40
39        android:anyDensity="true"
39-->[org.osmdroid:osmdroid-android:6.1.18] AndroidManifest.xml:10:9-34
40        android:largeScreens="true"
40-->[org.osmdroid:osmdroid-android:6.1.18] AndroidManifest.xml:11:9-36
41        android:normalScreens="true" />
41-->[org.osmdroid:osmdroid-android:6.1.18] AndroidManifest.xml:12:9-37
42
43    <uses-feature
43-->[org.osmdroid:osmdroid-android:6.1.18] AndroidManifest.xml:14:5-16:36
44        android:name="android.hardware.location.network"
44-->[org.osmdroid:osmdroid-android:6.1.18] AndroidManifest.xml:15:9-57
45        android:required="false" />
45-->[org.osmdroid:osmdroid-android:6.1.18] AndroidManifest.xml:16:9-33
46    <uses-feature
46-->[org.osmdroid:osmdroid-android:6.1.18] AndroidManifest.xml:17:5-19:36
47        android:name="android.hardware.location.gps"
47-->[org.osmdroid:osmdroid-android:6.1.18] AndroidManifest.xml:18:9-53
48        android:required="false" />
48-->[org.osmdroid:osmdroid-android:6.1.18] AndroidManifest.xml:19:9-33
49    <uses-feature
49-->[org.osmdroid:osmdroid-android:6.1.18] AndroidManifest.xml:20:5-22:36
50        android:name="android.hardware.telephony"
50-->[org.osmdroid:osmdroid-android:6.1.18] AndroidManifest.xml:21:9-50
51        android:required="false" />
51-->[org.osmdroid:osmdroid-android:6.1.18] AndroidManifest.xml:22:9-33
52    <uses-feature
52-->[org.osmdroid:osmdroid-android:6.1.18] AndroidManifest.xml:23:5-25:36
53        android:name="android.hardware.wifi"
53-->[org.osmdroid:osmdroid-android:6.1.18] AndroidManifest.xml:24:9-45
54        android:required="false" />
54-->[org.osmdroid:osmdroid-android:6.1.18] AndroidManifest.xml:25:9-33
55
56    <application
56-->src\main\AndroidManifest.xml:18:5-60:19
57        android:name="com.satyasetu.app.SatyaSetuApp"
57-->src\main\AndroidManifest.xml:19:9-37
58        android:allowBackup="true"
58-->src\main\AndroidManifest.xml:20:9-35
59        android:appComponentFactory="androidx.core.app.CoreComponentFactory"
59-->[androidx.core:core:1.12.0] AndroidManifest.xml:28:18-86
60        android:debuggable="true"
61        android:enableOnBackInvokedCallback="true"
61-->src\main\AndroidManifest.xml:21:9-51
62        android:extractNativeLibs="false"
63        android:icon="@mipmap/ic_launcher"
63-->src\main\AndroidManifest.xml:22:9-43
64        android:label="@string/app_name"
64-->src\main\AndroidManifest.xml:23:9-41
65        android:roundIcon="@mipmap/ic_launcher_round"
65-->src\main\AndroidManifest.xml:24:9-54
66        android:supportsRtl="true"
66-->src\main\AndroidManifest.xml:25:9-35
67        android:testOnly="true"
68        android:theme="@style/Theme.SatyaSetu"
68-->src\main\AndroidManifest.xml:26:9-47
69        android:usesCleartextTraffic="true" >
69-->src\main\AndroidManifest.xml:27:9-44
70        <activity
70-->src\main\AndroidManifest.xml:30:9-39:20
71            android:name="com.satyasetu.app.ui.main.MainActivity"
71-->src\main\AndroidManifest.xml:31:13-49
72            android:exported="true"
72-->src\main\AndroidManifest.xml:32:13-36
73            android:screenOrientation="portrait"
73-->src\main\AndroidManifest.xml:33:13-49
74            android:windowSoftInputMode="adjustResize" >
74-->src\main\AndroidManifest.xml:34:13-55
75            <intent-filter>
75-->src\main\AndroidManifest.xml:35:13-38:29
76                <action android:name="android.intent.action.MAIN" />
76-->src\main\AndroidManifest.xml:36:17-69
76-->src\main\AndroidManifest.xml:36:25-66
77
78                <category android:name="android.intent.category.LAUNCHER" />
78-->src\main\AndroidManifest.xml:37:17-77
78-->src\main\AndroidManifest.xml:37:27-74
79            </intent-filter>
80        </activity>
81
82        <!-- Firebase Messaging Service -->
83        <service
83-->src\main\AndroidManifest.xml:42:9-48:19
84            android:name="com.satyasetu.app.data.remote.SatyaSetuMessagingService"
84-->src\main\AndroidManifest.xml:43:13-66
85            android:exported="false" >
85-->src\main\AndroidManifest.xml:44:13-37
86            <intent-filter>
86-->src\main\AndroidManifest.xml:45:13-47:29
87                <action android:name="com.google.firebase.MESSAGING_EVENT" />
87-->src\main\AndroidManifest.xml:46:17-78
87-->src\main\AndroidManifest.xml:46:25-75
88            </intent-filter>
89        </service>
90
91        <!-- Notification Channel Metadata -->
92        <meta-data
92-->src\main\AndroidManifest.xml:51:9-53:49
93            android:name="com.google.firebase.messaging.default_notification_channel_id"
93-->src\main\AndroidManifest.xml:52:13-89
94            android:value="satyasetu_general" />
94-->src\main\AndroidManifest.xml:53:13-46
95
96        <!-- Google Maps API Key -->
97        <meta-data
98            android:name="com.google.android.geo.API_KEY"
98-->src\main\AndroidManifest.xml:57:13-58
99            android:value="YOUR_MAPS_API_KEY_HERE" />
99-->src\main\AndroidManifest.xml:58:13-44
100
101        <service
101-->[com.google.firebase:firebase-storage-ktx:20.3.0] AndroidManifest.xml:9:9-15:19
102            android:name="com.google.firebase.components.ComponentDiscoveryService"
102-->[com.google.firebase:firebase-storage-ktx:20.3.0] AndroidManifest.xml:10:13-84
103            android:directBootAware="true"
103-->[com.google.firebase:firebase-common:20.4.2] AndroidManifest.xml:32:13-43
104            android:exported="false" >
104-->[com.google.firebase:firebase-storage-ktx:20.3.0] AndroidManifest.xml:11:13-37
105            <meta-data
105-->[com.google.firebase:firebase-storage-ktx:20.3.0] AndroidManifest.xml:12:13-14:85
106                android:name="com.google.firebase.components:com.google.firebase.storage.ktx.FirebaseStorageLegacyRegistrar"
106-->[com.google.firebase:firebase-storage-ktx:20.3.0] AndroidManifest.xml:13:17-125
107                android:value="com.google.firebase.components.ComponentRegistrar" />
107-->[com.google.firebase:firebase-storage-ktx:20.3.0] AndroidManifest.xml:14:17-82
108            <meta-data
108-->[com.google.firebase:firebase-storage:20.3.0] AndroidManifest.xml:30:13-32:85
109                android:name="com.google.firebase.components:com.google.firebase.storage.FirebaseStorageKtxRegistrar"
109-->[com.google.firebase:firebase-storage:20.3.0] AndroidManifest.xml:31:17-118
110                android:value="com.google.firebase.components.ComponentRegistrar" />
110-->[com.google.firebase:firebase-storage:20.3.0] AndroidManifest.xml:32:17-82
111            <meta-data
111-->[com.google.firebase:firebase-storage:20.3.0] AndroidManifest.xml:33:13-35:85
112                android:name="com.google.firebase.components:com.google.firebase.storage.StorageRegistrar"
112-->[com.google.firebase:firebase-storage:20.3.0] AndroidManifest.xml:34:17-107
113                android:value="com.google.firebase.components.ComponentRegistrar" />
113-->[com.google.firebase:firebase-storage:20.3.0] AndroidManifest.xml:35:17-82
114            <meta-data
114-->[com.google.firebase:firebase-database-ktx:20.3.0] AndroidManifest.xml:12:13-14:85
115                android:name="com.google.firebase.components:com.google.firebase.database.ktx.FirebaseDatabaseLegacyRegistrar"
115-->[com.google.firebase:firebase-database-ktx:20.3.0] AndroidManifest.xml:13:17-127
116                android:value="com.google.firebase.components.ComponentRegistrar" />
116-->[com.google.firebase:firebase-database-ktx:20.3.0] AndroidManifest.xml:14:17-82
117            <meta-data
117-->[com.google.firebase:firebase-database:20.3.0] AndroidManifest.xml:29:13-31:85
118                android:name="com.google.firebase.components:com.google.firebase.database.FirebaseDatabaseKtxRegistrar"
118-->[com.google.firebase:firebase-database:20.3.0] AndroidManifest.xml:30:17-120
119                android:value="com.google.firebase.components.ComponentRegistrar" />
119-->[com.google.firebase:firebase-database:20.3.0] AndroidManifest.xml:31:17-82
120            <meta-data
120-->[com.google.firebase:firebase-database:20.3.0] AndroidManifest.xml:32:13-34:85
121                android:name="com.google.firebase.components:com.google.firebase.database.DatabaseRegistrar"
121-->[com.google.firebase:firebase-database:20.3.0] AndroidManifest.xml:33:17-109
122                android:value="com.google.firebase.components.ComponentRegistrar" />
122-->[com.google.firebase:firebase-database:20.3.0] AndroidManifest.xml:34:17-82
123            <meta-data
123-->[com.google.firebase:firebase-messaging-ktx:23.4.1] AndroidManifest.xml:26:13-28:85
124                android:name="com.google.firebase.components:com.google.firebase.messaging.ktx.FirebaseMessagingLegacyRegistrar"
124-->[com.google.firebase:firebase-messaging-ktx:23.4.1] AndroidManifest.xml:27:17-129
125                android:value="com.google.firebase.components.ComponentRegistrar" />
125-->[com.google.firebase:firebase-messaging-ktx:23.4.1] AndroidManifest.xml:28:17-82
126            <meta-data
126-->[com.google.firebase:firebase-messaging:23.4.1] AndroidManifest.xml:57:13-59:85
127                android:name="com.google.firebase.components:com.google.firebase.messaging.FirebaseMessagingKtxRegistrar"
127-->[com.google.firebase:firebase-messaging:23.4.1] AndroidManifest.xml:58:17-122
128                android:value="com.google.firebase.components.ComponentRegistrar" />
128-->[com.google.firebase:firebase-messaging:23.4.1] AndroidManifest.xml:59:17-82
129            <meta-data
129-->[com.google.firebase:firebase-messaging:23.4.1] AndroidManifest.xml:60:13-62:85
130                android:name="com.google.firebase.components:com.google.firebase.messaging.FirebaseMessagingRegistrar"
130-->[com.google.firebase:firebase-messaging:23.4.1] AndroidManifest.xml:61:17-119
131                android:value="com.google.firebase.components.ComponentRegistrar" />
131-->[com.google.firebase:firebase-messaging:23.4.1] AndroidManifest.xml:62:17-82
132            <meta-data
132-->[com.google.firebase:firebase-auth-ktx:22.3.1] AndroidManifest.xml:11:13-13:85
133                android:name="com.google.firebase.components:com.google.firebase.auth.ktx.FirebaseAuthLegacyRegistrar"
133-->[com.google.firebase:firebase-auth-ktx:22.3.1] AndroidManifest.xml:12:17-119
134                android:value="com.google.firebase.components.ComponentRegistrar" />
134-->[com.google.firebase:firebase-auth-ktx:22.3.1] AndroidManifest.xml:13:17-82
135            <meta-data
135-->[com.google.firebase:firebase-auth:22.3.1] AndroidManifest.xml:69:13-71:85
136                android:name="com.google.firebase.components:com.google.firebase.auth.FirebaseAuthRegistrar"
136-->[com.google.firebase:firebase-auth:22.3.1] AndroidManifest.xml:70:17-109
137                android:value="com.google.firebase.components.ComponentRegistrar" />
137-->[com.google.firebase:firebase-auth:22.3.1] AndroidManifest.xml:71:17-82
138            <meta-data
138-->[com.google.firebase:firebase-appcheck:17.1.2] AndroidManifest.xml:25:13-27:85
139                android:name="com.google.firebase.components:com.google.firebase.appcheck.FirebaseAppCheckKtxRegistrar"
139-->[com.google.firebase:firebase-appcheck:17.1.2] AndroidManifest.xml:26:17-120
140                android:value="com.google.firebase.components.ComponentRegistrar" />
140-->[com.google.firebase:firebase-appcheck:17.1.2] AndroidManifest.xml:27:17-82
141            <meta-data
141-->[com.google.firebase:firebase-appcheck:17.1.2] AndroidManifest.xml:28:13-30:85
142                android:name="com.google.firebase.components:com.google.firebase.appcheck.FirebaseAppCheckRegistrar"
142-->[com.google.firebase:firebase-appcheck:17.1.2] AndroidManifest.xml:29:17-117
143                android:value="com.google.firebase.components.ComponentRegistrar" />
143-->[com.google.firebase:firebase-appcheck:17.1.2] AndroidManifest.xml:30:17-82
144            <meta-data
144-->[com.google.firebase:firebase-analytics-ktx:21.5.1] AndroidManifest.xml:11:13-13:85
145                android:name="com.google.firebase.components:com.google.firebase.analytics.ktx.FirebaseAnalyticsLegacyRegistrar"
145-->[com.google.firebase:firebase-analytics-ktx:21.5.1] AndroidManifest.xml:12:17-129
146                android:value="com.google.firebase.components.ComponentRegistrar" />
146-->[com.google.firebase:firebase-analytics-ktx:21.5.1] AndroidManifest.xml:13:17-82
147            <meta-data
147-->[com.google.android.gms:play-services-measurement-api:21.5.1] AndroidManifest.xml:37:13-39:85
148                android:name="com.google.firebase.components:com.google.firebase.analytics.connector.internal.AnalyticsConnectorRegistrar"
148-->[com.google.android.gms:play-services-measurement-api:21.5.1] AndroidManifest.xml:38:17-139
149                android:value="com.google.firebase.components.ComponentRegistrar" />
149-->[com.google.android.gms:play-services-measurement-api:21.5.1] AndroidManifest.xml:39:17-82
150            <meta-data
150-->[com.google.firebase:firebase-installations:17.2.0] AndroidManifest.xml:15:13-17:85
151                android:name="com.google.firebase.components:com.google.firebase.installations.FirebaseInstallationsKtxRegistrar"
151-->[com.google.firebase:firebase-installations:17.2.0] AndroidManifest.xml:16:17-130
152                android:value="com.google.firebase.components.ComponentRegistrar" />
152-->[com.google.firebase:firebase-installations:17.2.0] AndroidManifest.xml:17:17-82
153            <meta-data
153-->[com.google.firebase:firebase-installations:17.2.0] AndroidManifest.xml:18:13-20:85
154                android:name="com.google.firebase.components:com.google.firebase.installations.FirebaseInstallationsRegistrar"
154-->[com.google.firebase:firebase-installations:17.2.0] AndroidManifest.xml:19:17-127
155                android:value="com.google.firebase.components.ComponentRegistrar" />
155-->[com.google.firebase:firebase-installations:17.2.0] AndroidManifest.xml:20:17-82
156            <meta-data
156-->[com.google.firebase:firebase-common-ktx:20.4.2] AndroidManifest.xml:12:13-14:85
157                android:name="com.google.firebase.components:com.google.firebase.ktx.FirebaseCommonLegacyRegistrar"
157-->[com.google.firebase:firebase-common-ktx:20.4.2] AndroidManifest.xml:13:17-116
158                android:value="com.google.firebase.components.ComponentRegistrar" />
158-->[com.google.firebase:firebase-common-ktx:20.4.2] AndroidManifest.xml:14:17-82
159            <meta-data
159-->[com.google.firebase:firebase-common:20.4.2] AndroidManifest.xml:35:13-37:85
160                android:name="com.google.firebase.components:com.google.firebase.FirebaseCommonKtxRegistrar"
160-->[com.google.firebase:firebase-common:20.4.2] AndroidManifest.xml:36:17-109
161                android:value="com.google.firebase.components.ComponentRegistrar" />
161-->[com.google.firebase:firebase-common:20.4.2] AndroidManifest.xml:37:17-82
162            <meta-data
162-->[com.google.firebase:firebase-datatransport:18.1.7] AndroidManifest.xml:27:13-29:85
163                android:name="com.google.firebase.components:com.google.firebase.datatransport.TransportRegistrar"
163-->[com.google.firebase:firebase-datatransport:18.1.7] AndroidManifest.xml:28:17-115
164                android:value="com.google.firebase.components.ComponentRegistrar" />
164-->[com.google.firebase:firebase-datatransport:18.1.7] AndroidManifest.xml:29:17-82
165        </service>
166
167        <receiver
167-->[com.google.firebase:firebase-messaging:23.4.1] AndroidManifest.xml:29:9-40:20
168            android:name="com.google.firebase.iid.FirebaseInstanceIdReceiver"
168-->[com.google.firebase:firebase-messaging:23.4.1] AndroidManifest.xml:30:13-78
169            android:exported="true"
169-->[com.google.firebase:firebase-messaging:23.4.1] AndroidManifest.xml:31:13-36
170            android:permission="com.google.android.c2dm.permission.SEND" >
170-->[com.google.firebase:firebase-messaging:23.4.1] AndroidManifest.xml:32:13-73
171            <intent-filter>
171-->[com.google.firebase:firebase-messaging:23.4.1] AndroidManifest.xml:33:13-35:29
172                <action android:name="com.google.android.c2dm.intent.RECEIVE" />
172-->[com.google.firebase:firebase-messaging:23.4.1] AndroidManifest.xml:34:17-81
172-->[com.google.firebase:firebase-messaging:23.4.1] AndroidManifest.xml:34:25-78
173            </intent-filter>
174
175            <meta-data
175-->[com.google.firebase:firebase-messaging:23.4.1] AndroidManifest.xml:37:13-39:40
176                android:name="com.google.android.gms.cloudmessaging.FINISHED_AFTER_HANDLED"
176-->[com.google.firebase:firebase-messaging:23.4.1] AndroidManifest.xml:38:17-92
177                android:value="true" />
177-->[com.google.firebase:firebase-messaging:23.4.1] AndroidManifest.xml:39:17-37
178        </receiver>
179        <!--
180             FirebaseMessagingService performs security checks at runtime,
181             but set to not exported to explicitly avoid allowing another app to call it.
182        -->
183        <service
183-->[com.google.firebase:firebase-messaging:23.4.1] AndroidManifest.xml:46:9-53:19
184            android:name="com.google.firebase.messaging.FirebaseMessagingService"
184-->[com.google.firebase:firebase-messaging:23.4.1] AndroidManifest.xml:47:13-82
185            android:directBootAware="true"
185-->[com.google.firebase:firebase-messaging:23.4.1] AndroidManifest.xml:48:13-43
186            android:exported="false" >
186-->[com.google.firebase:firebase-messaging:23.4.1] AndroidManifest.xml:49:13-37
187            <intent-filter android:priority="-500" >
187-->src\main\AndroidManifest.xml:45:13-47:29
188                <action android:name="com.google.firebase.MESSAGING_EVENT" />
188-->src\main\AndroidManifest.xml:46:17-78
188-->src\main\AndroidManifest.xml:46:25-75
189            </intent-filter>
190        </service>
191
192        <activity
192-->[com.google.firebase:firebase-auth:22.3.1] AndroidManifest.xml:29:9-46:20
193            android:name="com.google.firebase.auth.internal.GenericIdpActivity"
193-->[com.google.firebase:firebase-auth:22.3.1] AndroidManifest.xml:30:13-80
194            android:excludeFromRecents="true"
194-->[com.google.firebase:firebase-auth:22.3.1] AndroidManifest.xml:31:13-46
195            android:exported="true"
195-->[com.google.firebase:firebase-auth:22.3.1] AndroidManifest.xml:32:13-36
196            android:launchMode="singleTask"
196-->[com.google.firebase:firebase-auth:22.3.1] AndroidManifest.xml:33:13-44
197            android:theme="@android:style/Theme.Translucent.NoTitleBar" >
197-->[com.google.firebase:firebase-auth:22.3.1] AndroidManifest.xml:34:13-72
198            <intent-filter>
198-->[com.google.firebase:firebase-auth:22.3.1] AndroidManifest.xml:35:13-45:29
199                <action android:name="android.intent.action.VIEW" />
199-->[com.google.firebase:firebase-auth:22.3.1] AndroidManifest.xml:36:17-69
199-->[com.google.firebase:firebase-auth:22.3.1] AndroidManifest.xml:36:25-66
200
201                <category android:name="android.intent.category.DEFAULT" />
201-->[com.google.firebase:firebase-auth:22.3.1] AndroidManifest.xml:38:17-76
201-->[com.google.firebase:firebase-auth:22.3.1] AndroidManifest.xml:38:27-73
202                <category android:name="android.intent.category.BROWSABLE" />
202-->[com.google.firebase:firebase-auth:22.3.1] AndroidManifest.xml:39:17-78
202-->[com.google.firebase:firebase-auth:22.3.1] AndroidManifest.xml:39:27-75
203
204                <data
204-->[com.google.firebase:firebase-auth:22.3.1] AndroidManifest.xml:41:17-44:51
205                    android:host="firebase.auth"
205-->[com.google.firebase:firebase-auth:22.3.1] AndroidManifest.xml:42:21-49
206                    android:path="/"
206-->[com.google.firebase:firebase-auth:22.3.1] AndroidManifest.xml:43:21-37
207                    android:scheme="genericidp" />
207-->[com.google.firebase:firebase-auth:22.3.1] AndroidManifest.xml:44:21-48
208            </intent-filter>
209        </activity>
210        <activity
210-->[com.google.firebase:firebase-auth:22.3.1] AndroidManifest.xml:47:9-64:20
211            android:name="com.google.firebase.auth.internal.RecaptchaActivity"
211-->[com.google.firebase:firebase-auth:22.3.1] AndroidManifest.xml:48:13-79
212            android:excludeFromRecents="true"
212-->[com.google.firebase:firebase-auth:22.3.1] AndroidManifest.xml:49:13-46
213            android:exported="true"
213-->[com.google.firebase:firebase-auth:22.3.1] AndroidManifest.xml:50:13-36
214            android:launchMode="singleTask"
214-->[com.google.firebase:firebase-auth:22.3.1] AndroidManifest.xml:51:13-44
215            android:theme="@android:style/Theme.Translucent.NoTitleBar" >
215-->[com.google.firebase:firebase-auth:22.3.1] AndroidManifest.xml:52:13-72
216            <intent-filter>
216-->[com.google.firebase:firebase-auth:22.3.1] AndroidManifest.xml:53:13-63:29
217                <action android:name="android.intent.action.VIEW" />
217-->[com.google.firebase:firebase-auth:22.3.1] AndroidManifest.xml:36:17-69
217-->[com.google.firebase:firebase-auth:22.3.1] AndroidManifest.xml:36:25-66
218
219                <category android:name="android.intent.category.DEFAULT" />
219-->[com.google.firebase:firebase-auth:22.3.1] AndroidManifest.xml:38:17-76
219-->[com.google.firebase:firebase-auth:22.3.1] AndroidManifest.xml:38:27-73
220                <category android:name="android.intent.category.BROWSABLE" />
220-->[com.google.firebase:firebase-auth:22.3.1] AndroidManifest.xml:39:17-78
220-->[com.google.firebase:firebase-auth:22.3.1] AndroidManifest.xml:39:27-75
221
222                <data
222-->[com.google.firebase:firebase-auth:22.3.1] AndroidManifest.xml:41:17-44:51
223                    android:host="firebase.auth"
223-->[com.google.firebase:firebase-auth:22.3.1] AndroidManifest.xml:42:21-49
224                    android:path="/"
224-->[com.google.firebase:firebase-auth:22.3.1] AndroidManifest.xml:43:21-37
225                    android:scheme="recaptcha" />
225-->[com.google.firebase:firebase-auth:22.3.1] AndroidManifest.xml:44:21-48
226            </intent-filter>
227        </activity>
228        <activity
228-->[com.google.android.gms:play-services-base:18.3.0] AndroidManifest.xml:20:9-22:45
229            android:name="com.google.android.gms.common.api.GoogleApiActivity"
229-->[com.google.android.gms:play-services-base:18.3.0] AndroidManifest.xml:20:19-85
230            android:exported="false"
230-->[com.google.android.gms:play-services-base:18.3.0] AndroidManifest.xml:22:19-43
231            android:theme="@android:style/Theme.Translucent.NoTitleBar" />
231-->[com.google.android.gms:play-services-base:18.3.0] AndroidManifest.xml:21:19-78
232
233        <property
233-->[com.google.android.gms:play-services-measurement-api:21.5.1] AndroidManifest.xml:30:9-32:61
234            android:name="android.adservices.AD_SERVICES_CONFIG"
234-->[com.google.android.gms:play-services-measurement-api:21.5.1] AndroidManifest.xml:31:13-65
235            android:resource="@xml/ga_ad_services_config" />
235-->[com.google.android.gms:play-services-measurement-api:21.5.1] AndroidManifest.xml:32:13-58
236
237        <provider
237-->[com.google.firebase:firebase-common:20.4.2] AndroidManifest.xml:23:9-28:39
238            android:name="com.google.firebase.provider.FirebaseInitProvider"
238-->[com.google.firebase:firebase-common:20.4.2] AndroidManifest.xml:24:13-77
239            android:authorities="com.satyasetu.app.firebaseinitprovider"
239-->[com.google.firebase:firebase-common:20.4.2] AndroidManifest.xml:25:13-72
240            android:directBootAware="true"
240-->[com.google.firebase:firebase-common:20.4.2] AndroidManifest.xml:26:13-43
241            android:exported="false"
241-->[com.google.firebase:firebase-common:20.4.2] AndroidManifest.xml:27:13-37
242            android:initOrder="100" />
242-->[com.google.firebase:firebase-common:20.4.2] AndroidManifest.xml:28:13-36
243
244        <activity
244-->[androidx.compose.ui:ui-tooling-android:1.6.1] AndroidManifest.xml:23:9-25:39
245            android:name="androidx.compose.ui.tooling.PreviewActivity"
245-->[androidx.compose.ui:ui-tooling-android:1.6.1] AndroidManifest.xml:24:13-71
246            android:exported="true" />
246-->[androidx.compose.ui:ui-tooling-android:1.6.1] AndroidManifest.xml:25:13-36
247        <activity
247-->[androidx.compose.ui:ui-test-manifest:1.6.1] AndroidManifest.xml:23:9-25:39
248            android:name="androidx.activity.ComponentActivity"
248-->[androidx.compose.ui:ui-test-manifest:1.6.1] AndroidManifest.xml:24:13-63
249            android:exported="true" />
249-->[androidx.compose.ui:ui-test-manifest:1.6.1] AndroidManifest.xml:25:13-36
250
251        <receiver
251-->[com.google.android.gms:play-services-measurement:21.5.1] AndroidManifest.xml:29:9-33:20
252            android:name="com.google.android.gms.measurement.AppMeasurementReceiver"
252-->[com.google.android.gms:play-services-measurement:21.5.1] AndroidManifest.xml:30:13-85
253            android:enabled="true"
253-->[com.google.android.gms:play-services-measurement:21.5.1] AndroidManifest.xml:31:13-35
254            android:exported="false" >
254-->[com.google.android.gms:play-services-measurement:21.5.1] AndroidManifest.xml:32:13-37
255        </receiver>
256
257        <service